<?xml version="1.0" encoding="UTF-8"?>
<!-- Generated by org.testng.reporters.JUnitReportReporter -->
<testsuite skipped="0" hostname="AFSWWT3L4WN6KC" name="gmailApp.Scripts.LoginTest" tests="1" failures="0" timestamp="04 Jan 2018 18:49:20 GMT" time="0.003" errors="0">
  <testcase name="HomePage" time="0.003" classname="gmailApp.Scripts.LoginTest"/>
</testsuite> <!-- gmailApp.Scripts.LoginTest -->
